<?xml version="1.0" encoding="UTF-8"?>
<!-- Generated by org.testng.reporters.JUnitReportReporter -->
<testsuite skipped="0" hostname="SMEDC-LAP132" name="com.amazon.acceptancetest.TestRunner" tests="1" failures="0" timestamp="29 Apr 2020 18:01:08 GMT" time="135.628" errors="0">
  <testcase name="runScenario" time="135.628" classname="com.amazon.acceptancetest.TestRunner"/>
</testsuite> <!-- com.amazon.acceptancetest.TestRunner -->
